# OP_name            resname atom1 atom2  OP_mean OP_stddev OP_stem
#--------------------------------------------------------------------
gamma1_1             PLA     C1    H11    0.01788  0.09262  0.00819
gamma1_2             PLA     C1    H12   -0.00744  0.03963  0.00350
gamma1_3             PLA     C1    H13   -0.00855  0.03601  0.00318
gamma2_1             PLA     C2    H21    0.01850  0.09283  0.00820
gamma2_2             PLA     C2    H22   -0.00666  0.04559  0.00403
gamma2_3             PLA     C2    H23   -0.00894  0.04016  0.00355
gamma3_1             PLA     C3    H31    0.01854  0.09235  0.00816
gamma3_2             PLA     C3    H32   -0.01158  0.03796  0.00335
gamma3_3             PLA     C3    H33   -0.00715  0.04888  0.00432
beta1                PLA     C5    H51    0.03634  0.08157  0.00721
beta2                PLA     C5    H52    0.06587  0.08866  0.00784
alpha1               PLA     C6    H61    0.10349  0.11473  0.01014
alpha2               PLA     C6    H62    0.13568  0.15294  0.01352
g3_1                 PLA     C12   H121  -0.28403  0.07883  0.00697
g3_2                 PLA     C12   H122  -0.15962  0.14027  0.01240
g2_1                 PLA     C13   H131  -0.16767  0.14024  0.01240
g1_1                 PLA     C32   H321   0.20330  0.20246  0.01789
g1_2                 PLA     C32   H322   0.08910  0.14145  0.01250
palmitoyl_C2a        PLA     C36   H361  -0.17593  0.07035  0.00622
palmitoyl_C2b        PLA     C36   H362  -0.16136  0.07684  0.00679
palmitoyl_C3a        PLA     C37   H371  -0.19742  0.05493  0.00486
palmitoyl_C3b        PLA     C37   H372  -0.18853  0.05562  0.00492
palmitoyl_C4a        PLA     C38   H381  -0.19367  0.05769  0.00510
palmitoyl_C4b        PLA     C38   H382  -0.18011  0.05975  0.00528
palmitoyl_C5a        PLA     C39   H391  -0.19815  0.05289  0.00468
palmitoyl_C5b        PLA     C39   H392  -0.19364  0.05012  0.00443
palmitoyl_C6a        PLA     C40   H401  -0.19251  0.05539  0.00490
palmitoyl_C6b        PLA     C40   H402  -0.19193  0.05130  0.00453
palmitoyl_C7a        PLA     C41   H411  -0.18894  0.05616  0.00496
palmitoyl_C7b        PLA     C41   H412  -0.19106  0.05171  0.00457
palmitoyl_C8a        PLA     C42   H421  -0.17809  0.05340  0.00472
palmitoyl_C8b        PLA     C42   H422  -0.17827  0.05381  0.00476
palmitoyl_C9a        PLA     C43   H431  -0.17190  0.05155  0.00456
palmitoyl_C9b        PLA     C43   H432  -0.17066  0.05304  0.00469
palmitoyl_C10a       PLA     C44   H441  -0.15468  0.04605  0.00407
palmitoyl_C10b       PLA     C44   H442  -0.15328  0.05181  0.00458
palmitoyl_C11a       PLA     C45   H451  -0.14349  0.04390  0.00388
palmitoyl_C11b       PLA     C45   H452  -0.14297  0.04588  0.00406
palmitoyl_C12a       PLA     C46   H461  -0.12392  0.03844  0.00340
palmitoyl_C12b       PLA     C46   H462  -0.12448  0.03936  0.00348
palmitoyl_C13a       PLA     C47   H471  -0.11173  0.03396  0.00300
palmitoyl_C13b       PLA     C47   H472  -0.11094  0.03247  0.00287
palmitoyl_C14a       PLA     C48   H481  -0.09097  0.02809  0.00248
palmitoyl_C14b       PLA     C48   H482  -0.09039  0.02530  0.00224
palmitoyl_C15a       PLA     C49   H491  -0.07367  0.02434  0.00215
palmitoyl_C15b       PLA     C49   H492  -0.07496  0.02199  0.00194
palmitoyl_C16a       PLA     C50   H501   0.11169  0.04133  0.00365
palmitoyl_C16b       PLA     C50   H502  -0.07181  0.02488  0.00220
palmitoyl_C16c       PLA     C50   H503  -0.07307  0.02231  0.00197
oleoyl_C2a           PLA     C17   H171  -0.15474  0.08479  0.00749
oleoyl_C2b           PLA     C17   H172  -0.17336  0.06263  0.00554
oleoyl_C3a           PLA     C18   H181  -0.16911  0.06145  0.00543
oleoyl_C3b           PLA     C18   H182  -0.17847  0.04765  0.00421
oleoyl_C4a           PLA     C19   H191  -0.17385  0.06174  0.00546
oleoyl_C4b           PLA     C19   H192  -0.18235  0.05261  0.00465
oleoyl_C5a           PLA     C20   H201  -0.17504  0.05532  0.00489
oleoyl_C5b           PLA     C20   H202  -0.17690  0.04773  0.00422
oleoyl_C6a           PLA     C21   H211  -0.16138  0.04754  0.00420
oleoyl_C6b           PLA     C21   H212  -0.16692  0.04918  0.00435
oleoyl_C7a           PLA     C22   H221  -0.15512  0.04699  0.00415
oleoyl_C7b           PLA     C22   H222  -0.15994  0.04529  0.00400
oleoyl_C8a           PLA     C23   H231  -0.10190  0.04054  0.00358
oleoyl_C8b           PLA     C23   H232  -0.10603  0.04292  0.00379
oleoyl_C9a           PLA     C24   H241  -0.08281  0.04268  0.00377
oleoyl_C10a          PLA     C25   H251  -0.01791  0.05723  0.00506
oleoyl_C11a          PLA     C26   H261  -0.05119  0.03317  0.00293
oleoyl_C11b          PLA     C26   H262  -0.04599  0.03554  0.00314
oleoyl_C12a          PLA     C27   H271  -0.09275  0.03443  0.00304
oleoyl_C12b          PLA     C27   H272  -0.08879  0.03410  0.00301
oleoyl_C13a          PLA     C28   H281  -0.08643  0.03226  0.00285
oleoyl_C13b          PLA     C28   H282  -0.08259  0.03163  0.00280
oleoyl_C14a          PLA     C29   H291  -0.09133  0.03074  0.00272
oleoyl_C14b          PLA     C29   H292  -0.08893  0.02968  0.00262
oleoyl_C15a          PLA     C30   H301  -0.07729  0.02723  0.00241
oleoyl_C15b          PLA     C30   H302  -0.07524  0.02739  0.00242
oleoyl_C16a          PLA     C31   H311  -0.07256  0.02392  0.00211
oleoyl_C16b          PLA     C31   H312  -0.07041  0.02349  0.00208
oleoyl_C17a          PLA     CA1   HA11  -0.05500  0.01999  0.00177
oleoyl_C17b          PLA     CA1   HA12  -0.05225  0.01950  0.00172
oleoyl_C18a          PLA     CA2   HA21   0.03903  0.02647  0.00234
oleoyl_C18b          PLA     CA2   HA22  -0.05292  0.02033  0.00180
oleoyl_C18c          PLA     CA2   HA23  -0.05025  0.01972  0.00174
